This is pdfTeX, Version 3.141592653-2.6-1.40.27 (MiKTeX 25.4) (preloaded format=pdflatex 2025.5.23)  1 JUN 2025 08:26
entering extended mode
 restricted \write18 enabled.
 %&-line parsing enabled.
**./Rapport.tex
(Rapport.tex
LaTeX2e <2024-11-01> patch level 2
L3 programming layer <2025-04-14>
(C:\Users\BAB AL SAFA\AppData\Local\Programs\MiKTeX\tex/latex/base\article.cls
Document Class: article 2024/06/29 v1.4n Standard LaTeX document class
(C:\Users\BAB AL SAFA\AppData\Local\Programs\MiKTeX\tex/latex/base\size10.clo
File: size10.clo 2024/06/29 v1.4n Standard LaTeX file (size option)
)
\c@part=\count272
\c@section=\count273
\c@subsection=\count274
\c@subsubsection=\count275
\c@paragraph=\count276
\c@subparagraph=\count277
\c@figure=\count278
\c@table=\count279
\abovecaptionskip=\skip49
\belowcaptionskip=\skip50
\bibindent=\dimen146
)
(C:\Users\BAB AL SAFA\AppData\Local\Programs\MiKTeX\tex/latex/graphics\graphicx
.sty
Package: graphicx 2021/09/16 v1.2d Enhanced LaTeX Graphics (DPC,SPQR)

(C:\Users\BAB AL SAFA\AppData\Local\Programs\MiKTeX\tex/latex/graphics\keyval.s
ty
Package: keyval 2022/05/29 v1.15 key=value parser (DPC)
\KV@toks@=\toks17
)
(C:\Users\BAB AL SAFA\AppData\Local\Programs\MiKTeX\tex/latex/graphics\graphics
.sty
Package: graphics 2024/08/06 v1.4g Standard LaTeX Graphics (DPC,SPQR)

(C:\Users\BAB AL SAFA\AppData\Local\Programs\MiKTeX\tex/latex/graphics\trig.sty
Package: trig 2023/12/02 v1.11 sin cos tan (DPC)
)
(C:\Users\BAB AL SAFA\AppData\Local\Programs\MiKTeX\tex/latex/graphics-cfg\grap
hics.cfg
File: graphics.cfg 2016/06/04 v1.11 sample graphics configuration
)
Package graphics Info: Driver file: pdftex.def on input line 106.

(C:\Users\BAB AL SAFA\AppData\Local\Programs\MiKTeX\tex/latex/graphics-def\pdft
ex.def
File: pdftex.def 2024/04/13 v1.2c Graphics/color driver for pdftex
))
\Gin@req@height=\dimen147
\Gin@req@width=\dimen148
)
(C:\Users\BAB AL SAFA\AppData\Local\Programs\MiKTeX\tex/latex/geometry\geometry
.sty
Package: geometry 2020/01/02 v5.9 Page Geometry

(C:\Users\BAB AL SAFA\AppData\Local\Programs\MiKTeX\tex/generic/iftex\ifvtex.st
y
Package: ifvtex 2019/10/25 v1.7 ifvtex legacy package. Use iftex instead.

(C:\Users\BAB AL SAFA\AppData\Local\Programs\MiKTeX\tex/generic/iftex\iftex.sty
Package: iftex 2024/12/12 v1.0g TeX engine tests
))
\Gm@cnth=\count280
\Gm@cntv=\count281
\c@Gm@tempcnt=\count282
\Gm@bindingoffset=\dimen149
\Gm@wd@mp=\dimen150
\Gm@odd@mp=\dimen151
\Gm@even@mp=\dimen152
\Gm@layoutwidth=\dimen153
\Gm@layoutheight=\dimen154
\Gm@layouthoffset=\dimen155
\Gm@layoutvoffset=\dimen156
\Gm@dimlist=\toks18

(C:\Users\BAB AL SAFA\AppData\Local\Programs\MiKTeX\tex/latex/geometry\geometry
.cfg))
(C:\Users\BAB AL SAFA\AppData\Local\Programs\MiKTeX\tex/latex/amsmath\amsmath.s
ty
Package: amsmath 2024/11/05 v2.17t AMS math features
\@mathmargin=\skip51

For additional information on amsmath, use the `?' option.

(C:\Users\BAB AL SAFA\AppData\Local\Programs\MiKTeX\tex/latex/amsmath\amstext.s
ty
Package: amstext 2021/08/26 v2.01 AMS text

(C:\Users\BAB AL SAFA\AppData\Local\Programs\MiKTeX\tex/latex/amsmath\amsgen.st
y
File: amsgen.sty 1999/11/30 v2.0 generic functions
\@emptytoks=\toks19
\ex@=\dimen157
))
(C:\Users\BAB AL SAFA\AppData\Local\Programs\MiKTeX\tex/latex/amsmath\amsbsy.st
y
Package: amsbsy 1999/11/29 v1.2d Bold Symbols
\pmbraise@=\dimen158
)
(C:\Users\BAB AL SAFA\AppData\Local\Programs\MiKTeX\tex/latex/amsmath\amsopn.st
y
Package: amsopn 2022/04/08 v2.04 operator names
)
\inf@bad=\count283
LaTeX Info: Redefining \frac on input line 233.
\uproot@=\count284
\leftroot@=\count285
LaTeX Info: Redefining \overline on input line 398.
LaTeX Info: Redefining \colon on input line 409.
\classnum@=\count286
\DOTSCASE@=\count287
LaTeX Info: Redefining \ldots on input line 495.
LaTeX Info: Redefining \dots on input line 498.
LaTeX Info: Redefining \cdots on input line 619.
\Mathstrutbox@=\box53
\strutbox@=\box54
LaTeX Info: Redefining \big on input line 721.
LaTeX Info: Redefining \Big on input line 722.
LaTeX Info: Redefining \bigg on input line 723.
LaTeX Info: Redefining \Bigg on input line 724.
\big@size=\dimen159
LaTeX Font Info:    Redeclaring font encoding OML on input line 742.
LaTeX Font Info:    Redeclaring font encoding OMS on input line 743.
\macc@depth=\count288
LaTeX Info: Redefining \bmod on input line 904.
LaTeX Info: Redefining \pmod on input line 909.
LaTeX Info: Redefining \smash on input line 939.
LaTeX Info: Redefining \relbar on input line 969.
LaTeX Info: Redefining \Relbar on input line 970.
\c@MaxMatrixCols=\count289
\dotsspace@=\muskip17
\c@parentequation=\count290
\dspbrk@lvl=\count291
\tag@help=\toks20
\row@=\count292
\column@=\count293
\maxfields@=\count294
\andhelp@=\toks21
\eqnshift@=\dimen160
\alignsep@=\dimen161
\tagshift@=\dimen162
\tagwidth@=\dimen163
\totwidth@=\dimen164
\lineht@=\dimen165
\@envbody=\toks22
\multlinegap=\skip52
\multlinetaggap=\skip53
\mathdisplay@stack=\toks23
LaTeX Info: Redefining \[ on input line 2953.
LaTeX Info: Redefining \] on input line 2954.
)
(C:\Users\BAB AL SAFA\AppData\Local\Programs\MiKTeX\tex/latex/amsfonts\amssymb.
sty
Package: amssymb 2013/01/14 v3.01 AMS font symbols

(C:\Users\BAB AL SAFA\AppData\Local\Programs\MiKTeX\tex/latex/amsfonts\amsfonts
.sty
Package: amsfonts 2013/01/14 v3.01 Basic AMSFonts support
\symAMSa=\mathgroup4
\symAMSb=\mathgroup5
LaTeX Font Info:    Redeclaring math symbol \hbar on input line 98.
LaTeX Font Info:    Overwriting math alphabet `\mathfrak' in version `bold'
(Font)                  U/euf/m/n --> U/euf/b/n on input line 106.
))
(C:\Users\BAB AL SAFA\AppData\Local\Programs\MiKTeX\tex/latex/l3backend\l3backe
nd-pdftex.def
File: l3backend-pdftex.def 2025-04-14 L3 backend support: PDF output (pdfTeX)
\l__color_backend_stack_int=\count295
) (Rapport.aux)
\openout1 = `Rapport.aux'.

LaTeX Font Info:    Checking defaults for OML/cmm/m/it on input line 10.
LaTeX Font Info:    ... okay on input line 10.
LaTeX Font Info:    Checking defaults for OMS/cmsy/m/n on input line 10.
LaTeX Font Info:    ... okay on input line 10.
LaTeX Font Info:    Checking defaults for OT1/cmr/m/n on input line 10.
LaTeX Font Info:    ... okay on input line 10.
LaTeX Font Info:    Checking defaults for T1/cmr/m/n on input line 10.
LaTeX Font Info:    ... okay on input line 10.
LaTeX Font Info:    Checking defaults for TS1/cmr/m/n on input line 10.
LaTeX Font Info:    ... okay on input line 10.
LaTeX Font Info:    Checking defaults for OMX/cmex/m/n on input line 10.
LaTeX Font Info:    ... okay on input line 10.
LaTeX Font Info:    Checking defaults for U/cmr/m/n on input line 10.
LaTeX Font Info:    ... okay on input line 10.

(C:\Users\BAB AL SAFA\AppData\Local\Programs\MiKTeX\tex/context/base/mkii\supp-
pdf.mkii
[Loading MPS to PDF converter (version 2006.09.02).]
\scratchcounter=\count296
\scratchdimen=\dimen166
\scratchbox=\box55
\nofMPsegments=\count297
\nofMParguments=\count298
\everyMPshowfont=\toks24
\MPscratchCnt=\count299
\MPscratchDim=\dimen167
\MPnumerator=\count300
\makeMPintoPDFobject=\count301
\everyMPtoPDFconversion=\toks25
)
(C:\Users\BAB AL SAFA\AppData\Local\Programs\MiKTeX\tex/latex/epstopdf-pkg\epst
opdf-base.sty
Package: epstopdf-base 2020-01-24 v2.11 Base part for package epstopdf
Package epstopdf-base Info: Redefining graphics rule for `.eps' on input line 4
85.

(C:\Users\BAB AL SAFA\AppData\Local\Programs\MiKTeX\tex/latex/00miktex\epstopdf
-sys.cfg
File: epstopdf-sys.cfg 2021/03/18 v2.0 Configuration of epstopdf for MiKTeX
))
*geometry* driver: auto-detecting
*geometry* detected driver: pdftex
*geometry* verbose mode - [ preamble ] result:
* driver: pdftex
* paper: a4paper
* layout: <same size as paper>
* layoutoffset:(h,v)=(0.0pt,0.0pt)
* modes: 
* h-part:(L,W,R)=(42.67912pt, 512.14963pt, 42.67912pt)
* v-part:(T,H,B)=(42.67912pt, 759.6886pt, 42.67912pt)
* \paperwidth=597.50787pt
* \paperheight=845.04684pt
* \textwidth=512.14963pt
* \textheight=759.6886pt
* \oddsidemargin=-29.59087pt
* \evensidemargin=-29.59087pt
* \topmargin=-66.59087pt
* \headheight=12.0pt
* \headsep=25.0pt
* \topskip=10.0pt
* \footskip=30.0pt
* \marginparwidth=65.0pt
* \marginparsep=11.0pt
* \columnsep=10.0pt
* \skip\footins=9.0pt plus 4.0pt minus 2.0pt
* \hoffset=0.0pt
* \voffset=0.0pt
* \mag=1000
* \@twocolumnfalse
* \@twosidefalse
* \@mparswitchfalse
* \@reversemarginfalse
* (1in=72.27pt=25.4mm, 1cm=28.453pt)

<Images/rgs.png, id=1, 867.24pt x 505.89pt>
File: Images/rgs.png Graphic file (type png)
<use Images/rgs.png>
Package pdftex.def Info: Images/rgs.png  used on input line 21.
(pdftex.def)             Requested size: 433.61894pt x 252.94437pt.
LaTeX Font Info:    Trying to load font information for U+msa on input line 22.

(C:\Users\BAB AL SAFA\AppData\Local\Programs\MiKTeX\tex/latex/amsfonts\umsa.fd
File: umsa.fd 2013/01/14 v3.01 AMS symbols A
)
LaTeX Font Info:    Trying to load font information for U+msb on input line 22.

(C:\Users\BAB AL SAFA\AppData\Local\Programs\MiKTeX\tex/latex/amsfonts\umsb.fd
File: umsb.fd 2013/01/14 v3.01 AMS symbols B
)
Underfull \hbox (badness 3240) in paragraph at lines 25--25
[]\OT1/cmr/m/n/9 Le di-a-gramme en bar-res repr^^Sesente le nom-
 []


Underfull \hbox (badness 2285) in paragraph at lines 25--25
\OT1/cmr/m/n/9 bre to-tal de n^^[uds travers^^Ses $\OT1/cmr/bx/n/9 T$ \OT1/cmr/
m/n/9 par sim-u-la-
 []


Underfull \hbox (badness 1184) in paragraph at lines 25--25
\OT1/cmr/bx/n/9 BST0 \OT1/cmr/m/n/9 et le triplet \OT1/cmr/bx/n/9 (BST1, BST2, 
BST3)\OT1/cmr/m/n/9 .
 []

<Images/tsws.png, id=3, 855.195pt x 941.5175pt>
File: Images/tsws.png Graphic file (type png)
<use Images/tsws.png>
Package pdftex.def Info: Images/tsws.png  used on input line 38.
(pdftex.def)             Requested size: 42.76225pt x 47.07863pt.
<Images/sws.png, id=4, 1008.8892pt x 505.89pt>
File: Images/sws.png Graphic file (type png)
<use Images/sws.png>
Package pdftex.def Info: Images/sws.png  used on input line 41.
(pdftex.def)             Requested size: 504.44337pt x 252.94437pt.


[1

{C:/Users/BAB AL SAFA/AppData/Local/MiKTeX/fonts/map/pdftex/pdftex.map} <./Imag
es/rgs.png> <./Images/tsws.png (PNG copy)> <./Images/sws.png>] (Rapport.aux)
 ***********
LaTeX2e <2024-11-01> patch level 2
L3 programming layer <2025-04-14>
 ***********
 ) 
Here is how much of TeX's memory you used:
 3149 strings out of 469941
 46929 string characters out of 5466490
 435499 words of memory out of 5000000
 29940 multiletter control sequences out of 15000+600000
 636121 words of font info for 74 fonts, out of 8000000 for 9000
 1141 hyphenation exceptions out of 8191
 57i,9n,65p,775b,318s stack positions out of 10000i,1000n,20000p,200000b,200000s
<C:/Users/BAB AL SAFA/AppData/Local/Programs/MiKTeX/fonts/type1/public/amsfon
ts/cm/cmbx12.pfb><C:/Users/BAB AL SAFA/AppData/Local/Programs/MiKTeX/fonts/type
1/public/amsfonts/cm/cmbx9.pfb><C:/Users/BAB AL SAFA/AppData/Local/Programs/MiK
TeX/fonts/type1/public/amsfonts/cmextra/cmex9.pfb><C:/Users/BAB AL SAFA/AppData
/Local/Programs/MiKTeX/fonts/type1/public/amsfonts/cm/cmmi5.pfb><C:/Users/BAB A
L SAFA/AppData/Local/Programs/MiKTeX/fonts/type1/public/amsfonts/cm/cmmi6.pfb><
C:/Users/BAB AL SAFA/AppData/Local/Programs/MiKTeX/fonts/type1/public/amsfonts/
cm/cmmi9.pfb><C:/Users/BAB AL SAFA/AppData/Local/Programs/MiKTeX/fonts/type1/pu
blic/amsfonts/cm/cmr10.pfb><C:/Users/BAB AL SAFA/AppData/Local/Programs/MiKTeX/
fonts/type1/public/amsfonts/cm/cmr6.pfb><C:/Users/BAB AL SAFA/AppData/Local/Pro
grams/MiKTeX/fonts/type1/public/amsfonts/cm/cmr9.pfb><C:/Users/BAB AL SAFA/AppD
ata/Local/Programs/MiKTeX/fonts/type1/public/amsfonts/cm/cmsy6.pfb><C:/Users/BA
B AL SAFA/AppData/Local/Programs/MiKTeX/fonts/type1/public/amsfonts/cm/cmsy9.pf
b><C:/Users/BAB AL SAFA/AppData/Local/Programs/MiKTeX/fonts/type1/public/amsfon
ts/cm/cmti7.pfb><C:/Users/BAB AL SAFA/AppData/Local/Programs/MiKTeX/fonts/type1
/public/amsfonts/cm/cmti9.pfb>
Output written on Rapport.pdf (1 page, 420293 bytes).
PDF statistics:
 77 PDF objects out of 1000 (max. 8388607)
 0 named destinations out of 1000 (max. 500000)
 16 words of extra memory for PDF output out of 10000 (max. 10000000)

